<?xml version="1.0" encoding="UTF-8"?>
<!-- Generated by org.testng.reporters.JUnitXMLReporter -->
<testsuite hostname="LHR16-800213483" ignored="0" name="Add Customer Test" tests="4" failures="0" timestamp="19 Sep 2018 15:50:03 GMT" time="27.7" errors="0">
  <testcase name="addCustomerTest" time="13.942" classname="com.philips.testcases.AddCustomerTest"/>
  <testcase name="addCustomerTest" time="13.551" classname="com.philips.testcases.AddCustomerTest"/>
  <testcase name="addCustomerTest" time="0.004" classname="com.philips.testcases.AddCustomerTest">
    <skipped/>
  </testcase> <!-- addCustomerTest -->
  <testcase name="addCustomerTest" time="0.0" classname="com.philips.testcases.AddCustomerTest">
    <skipped/>
  </testcase> <!-- addCustomerTest -->
</testsuite> <!-- Add Customer Test -->
